[INFO] <0.000, release Task 2/1>
[INFO] <0.000, release Task 3/1>
[INFO] <0.000, release Task 1/1>
[INFO] <0.000, execute Task 1/1>
[INFO] <4.223, complete Task 1/1>
[INFO] <4.223, execute Task 2/1>
[INFO] <14.525, complete Task 2/1>
[INFO] <14.525, execute Task 3/1>
[INFO] <23.788, complete Task 3/1>
[INFO] <35.000, release Task 1/2>
[INFO] <35.000, execute Task 1/2>
[INFO] <38.522, complete Task 1/2>
[INFO] <50.000, release Task 2/2>
[INFO] <50.000, execute Task 2/2>
[INFO] <59.547, complete Task 2/2>
[INFO] <70.000, release Task 1/3>
[INFO] <70.000, execute Task 1/3>
[INFO] <73.652, complete Task 1/3>
[INFO] <80.000, release Task 3/2>
[INFO] <80.000, execute Task 3/2>
[INFO] <89.106, complete Task 3/2>
[INFO] <100.000, release Task 2/3>
[INFO] <100.000, execute Task 2/3>
[INFO] <105.000, release Task 1/4>
[INFO] <105.000, preempt Task 2/3>
[INFO] <105.000, execute Task 1/4>
[INFO] <108.511, complete Task 1/4>
[INFO] <108.511, execute Task 2/3>
[INFO] <112.980, complete Task 2/3>
[INFO] <140.000, release Task 1/5>
[INFO] <140.000, execute Task 1/5>
[INFO] <143.677, complete Task 1/5>
[INFO] <150.000, release Task 2/4>
[INFO] <150.000, execute Task 2/4>
[INFO] <160.000, release Task 3/3>
[INFO] <160.000, execute Task 2/4>
[INFO] <160.012, complete Task 2/4>
[INFO] <160.012, execute Task 3/3>
[INFO] <168.502, complete Task 3/3>
[INFO] <175.000, release Task 1/6>
[INFO] <175.000, execute Task 1/6>
[INFO] <178.650, complete Task 1/6>
[INFO] <200.000, release Task 2/5>
[INFO] <200.000, execute Task 2/5>
[INFO] <209.869, complete Task 2/5>
[INFO] <210.000, release Task 1/7>
[INFO] <210.000, execute Task 1/7>
[INFO] <213.708, complete Task 1/7>
[INFO] <240.000, release Task 3/4>
[INFO] <240.000, execute Task 3/4>
[INFO] <245.000, release Task 1/8>
[INFO] <245.000, preempt Task 3/4>
[INFO] <245.000, execute Task 1/8>
[INFO] <248.588, complete Task 1/8>
[INFO] <248.588, execute Task 3/4>
[INFO] <250.000, release Task 2/6>
[INFO] <250.000, preempt Task 3/4>
[INFO] <250.000, execute Task 2/6>
[INFO] <259.681, complete Task 2/6>
[INFO] <259.681, execute Task 3/4>
[INFO] <261.276, complete Task 3/4>
[INFO] <280.000, release Task 1/9>
[INFO] <280.000, execute Task 1/9>
[INFO] <284.234, complete Task 1/9>
[INFO] <300.000, release Task 2/7>
[INFO] <300.000, execute Task 2/7>
[INFO] <310.393, complete Task 2/7>
[INFO] <315.000, release Task 1/10>
[INFO] <315.000, execute Task 1/10>
[INFO] <318.938, complete Task 1/10>
[INFO] <320.000, release Task 3/5>
[INFO] <320.000, execute Task 3/5>
[INFO] <329.219, complete Task 3/5>
[INFO] <350.000, release Task 2/8>
[INFO] <350.000, release Task 1/11>
[INFO] <350.000, execute Task 1/11>
[INFO] <354.311, complete Task 1/11>
[INFO] <354.311, execute Task 2/8>
[INFO] <363.379, complete Task 2/8>
[INFO] <385.000, release Task 1/12>
[INFO] <385.000, execute Task 1/12>
[INFO] <389.008, complete Task 1/12>
[INFO] <400.000, release Task 2/9>
[INFO] <400.000, release Task 3/6>
[INFO] <400.000, execute Task 2/9>
[INFO] <410.454, complete Task 2/9>
[INFO] <410.454, execute Task 3/6>
[INFO] <418.579, complete Task 3/6>
[INFO] <420.000, release Task 1/13>
[INFO] <420.000, execute Task 1/13>
[INFO] <423.505, complete Task 1/13>
[INFO] <450.000, release Task 2/10>
[INFO] <450.000, execute Task 2/10>
[INFO] <455.000, release Task 1/14>
[INFO] <455.000, preempt Task 2/10>
[INFO] <455.000, execute Task 1/14>
[INFO] <459.032, complete Task 1/14>
[INFO] <459.032, execute Task 2/10>
[INFO] <463.609, complete Task 2/10>
[INFO] <480.000, release Task 3/7>
[INFO] <480.000, execute Task 3/7>
[INFO] <488.369, complete Task 3/7>
[INFO] <490.000, release Task 1/15>
[INFO] <490.000, execute Task 1/15>
[INFO] <494.096, complete Task 1/15>
[INFO] <500.000, release Task 2/11>
[INFO] <500.000, execute Task 2/11>
[INFO] <509.776, complete Task 2/11>
[INFO] <525.000, release Task 1/16>
[INFO] <525.000, execute Task 1/16>
[INFO] <529.003, complete Task 1/16>
[INFO] <550.000, release Task 2/12>
[INFO] <550.000, execute Task 2/12>
[INFO] <560.000, release Task 3/8>
[INFO] <560.000, release Task 1/17>
[INFO] <560.000, preempt Task 2/12>
[INFO] <560.000, execute Task 1/17>
[INFO] <563.551, complete Task 1/17>
[INFO] <563.551, execute Task 2/12>
[INFO] <564.007, complete Task 2/12>
[INFO] <564.007, execute Task 3/8>
[INFO] <572.197, complete Task 3/8>
[INFO] <595.000, release Task 1/18>
[INFO] <595.000, execute Task 1/18>
[INFO] <599.469, complete Task 1/18>
[INFO] <600.000, release Task 2/13>
[INFO] <600.000, execute Task 2/13>
[INFO] <610.141, complete Task 2/13>
[INFO] <630.000, release Task 1/19>
[INFO] <630.000, execute Task 1/19>
[INFO] <633.639, complete Task 1/19>
[INFO] <640.000, release Task 3/9>
[INFO] <640.000, execute Task 3/9>
[INFO] <648.792, complete Task 3/9>
[INFO] <650.000, release Task 2/14>
[INFO] <650.000, execute Task 2/14>
[INFO] <659.697, complete Task 2/14>
[INFO] <665.000, release Task 1/20>
[INFO] <665.000, execute Task 1/20>
[INFO] <668.843, complete Task 1/20>
[INFO] <700.000, release Task 2/15>
[INFO] <700.000, release Task 1/21>
[INFO] <700.000, execute Task 1/21>
[INFO] <704.064, complete Task 1/21>
[INFO] <704.064, execute Task 2/15>
[INFO] <713.922, complete Task 2/15>
[INFO] <720.000, release Task 3/10>
[INFO] <720.000, execute Task 3/10>
[INFO] <729.425, complete Task 3/10>
[INFO] <735.000, release Task 1/22>
[INFO] <735.000, execute Task 1/22>
[INFO] <738.791, complete Task 1/22>
[INFO] <750.000, release Task 2/16>
[INFO] <750.000, execute Task 2/16>
[INFO] <759.751, complete Task 2/16>
[INFO] <770.000, release Task 1/23>
[INFO] <770.000, execute Task 1/23>
[INFO] <774.223, complete Task 1/23>
[INFO] <800.000, release Task 2/17>
[INFO] <800.000, release Task 3/11>
[INFO] <800.000, execute Task 2/17>
[INFO] <805.000, release Task 1/24>
[INFO] <805.000, preempt Task 2/17>
[INFO] <805.000, execute Task 1/24>
[INFO] <808.996, complete Task 1/24>
[INFO] <808.996, execute Task 2/17>
[INFO] <813.700, complete Task 2/17>
[INFO] <813.700, execute Task 3/11>
[INFO] <821.986, complete Task 3/11>
[INFO] <840.000, release Task 1/25>
[INFO] <840.000, execute Task 1/25>
[INFO] <844.072, complete Task 1/25>
[INFO] <850.000, release Task 2/18>
[INFO] <850.000, execute Task 2/18>
[INFO] <860.207, complete Task 2/18>
[INFO] <875.000, release Task 1/26>
[INFO] <875.000, execute Task 1/26>
[INFO] <879.090, complete Task 1/26>
[INFO] <880.000, release Task 3/12>
[INFO] <880.000, execute Task 3/12>
[INFO] <888.001, complete Task 3/12>
[INFO] <900.000, release Task 2/19>
[INFO] <900.000, execute Task 2/19>
[INFO] <910.000, release Task 1/27>
[INFO] <910.000, preempt Task 2/19>
[INFO] <910.000, execute Task 1/27>
[INFO] <914.122, complete Task 1/27>
[INFO] <914.122, execute Task 2/19>
[INFO] <914.147, complete Task 2/19>
[INFO] <945.000, release Task 1/28>
[INFO] <945.000, execute Task 1/28>
[INFO] <948.908, complete Task 1/28>
[INFO] <950.000, release Task 2/20>
[INFO] <950.000, execute Task 2/20>
[INFO] <960.000, release Task 3/13>
[INFO] <960.000, execute Task 2/20>
[INFO] <960.972, complete Task 2/20>
[INFO] <960.972, execute Task 3/13>
[INFO] <969.246, complete Task 3/13>
[INFO] <980.000, release Task 1/29>
[INFO] <980.000, execute Task 1/29>
[INFO] <984.451, complete Task 1/29>
[INFO] <1000.000, release Task 2/21>
[INFO] <1000.000, execute Task 2/21>
[INFO] <1009.242, complete Task 2/21>
[INFO] <1015.000, release Task 1/30>
[INFO] <1015.000, execute Task 1/30>
[INFO] <1019.362, complete Task 1/30>
[INFO] <1040.000, release Task 3/14>
[INFO] <1040.000, execute Task 3/14>
[INFO] <1049.345, complete Task 3/14>
[INFO] <1050.000, release Task 2/22>
[INFO] <1050.000, release Task 1/31>
[INFO] <1050.000, execute Task 1/31>
[INFO] <1054.357, complete Task 1/31>
[INFO] <1054.357, execute Task 2/22>
[INFO] <1064.278, complete Task 2/22>
[INFO] <1085.000, release Task 1/32>
[INFO] <1085.000, execute Task 1/32>
[INFO] <1089.255, complete Task 1/32>
[INFO] <1100.000, release Task 2/23>
[INFO] <1100.000, execute Task 2/23>
[INFO] <1110.115, complete Task 2/23>
[INFO] <1120.000, release Task 3/15>
[INFO] <1120.000, release Task 1/33>
[INFO] <1120.000, execute Task 1/33>
[INFO] <1124.290, complete Task 1/33>
[INFO] <1124.290, execute Task 3/15>
[INFO] <1133.310, complete Task 3/15>
[INFO] <1150.000, release Task 2/24>
[INFO] <1150.000, execute Task 2/24>
[INFO] <1155.000, release Task 1/34>
[INFO] <1155.000, preempt Task 2/24>
[INFO] <1155.000, execute Task 1/34>
[INFO] <1159.345, complete Task 1/34>
[INFO] <1159.345, execute Task 2/24>
[INFO] <1165.186, complete Task 2/24>
[INFO] <1190.000, release Task 1/35>
[INFO] <1190.000, execute Task 1/35>
[INFO] <1193.676, complete Task 1/35>
[INFO] <1200.000, release Task 2/25>
[INFO] <1200.000, release Task 3/16>
[INFO] <1200.000, execute Task 2/25>
[INFO] <1209.294, complete Task 2/25>
[INFO] <1209.294, execute Task 3/16>
[INFO] <1218.275, complete Task 3/16>
[INFO] <1225.000, release Task 1/36>
[INFO] <1225.000, execute Task 1/36>
[INFO] <1228.741, complete Task 1/36>
[INFO] <1250.000, release Task 2/26>
[INFO] <1250.000, execute Task 2/26>
[INFO] <1260.000, release Task 1/37>
[INFO] <1260.000, preempt Task 2/26>
[INFO] <1260.000, execute Task 1/37>
[INFO] <1264.488, complete Task 1/37>
[INFO] <1264.488, execute Task 2/26>
[INFO] <1265.140, complete Task 2/26>
[INFO] <1280.000, release Task 3/17>
[INFO] <1280.000, execute Task 3/17>
[INFO] <1289.186, complete Task 3/17>
[INFO] <1295.000, release Task 1/38>
[INFO] <1295.000, execute Task 1/38>
[INFO] <1299.130, complete Task 1/38>
[INFO] <1300.000, release Task 2/27>
[INFO] <1300.000, execute Task 2/27>
[INFO] <1310.728, complete Task 2/27>
[INFO] <1330.000, release Task 1/39>
[INFO] <1330.000, execute Task 1/39>
[INFO] <1334.198, complete Task 1/39>
[INFO] <1350.000, release Task 2/28>
[INFO] <1350.000, execute Task 2/28>
[INFO] <1360.000, release Task 3/18>
[INFO] <1360.000, execute Task 2/28>
[INFO] <1360.277, complete Task 2/28>
[INFO] <1360.277, execute Task 3/18>
[INFO] <1365.000, release Task 1/40>
[INFO] <1365.000, preempt Task 3/18>
[INFO] <1365.000, execute Task 1/40>
[INFO] <1368.807, complete Task 1/40>
[INFO] <1368.807, execute Task 3/18>
[INFO] <1373.314, complete Task 3/18>
[INFO] <1400.000, release Task 2/29>
[INFO] <1400.000, release Task 1/41>
[INFO] <1400.000, execute Task 1/41>
[INFO] <1403.639, complete Task 1/41>
[INFO] <1403.639, execute Task 2/29>
[INFO] <1414.155, complete Task 2/29>
[INFO] <1435.000, release Task 1/42>
[INFO] <1435.000, execute Task 1/42>
[INFO] <1438.783, complete Task 1/42>
[INFO] <1440.000, release Task 3/19>
[INFO] <1440.000, execute Task 3/19>
[INFO] <1449.123, complete Task 3/19>
[INFO] <1450.000, release Task 2/30>
[INFO] <1450.000, execute Task 2/30>
[INFO] <1460.910, complete Task 2/30>
[INFO] <1470.000, release Task 1/43>
[INFO] <1470.000, execute Task 1/43>
[INFO] <1473.578, complete Task 1/43>
[INFO] <1500.000, release Task 2/31>
[INFO] <1500.000, end>

